<?xml version="1.0" encoding="UTF-8"?>
<testsuite name="POST /api/banks" tests="2" skipped="0" failures="0" errors="0" timestamp="2022-08-20T19:01:36" hostname="C02XD07RJG5J.ad.here.com" time="0.1">
  <properties/>
  <testcase name="should return BAD REQUEST if bank with given account number already exists()" classname="com.kotlin.springboot.practice.controller.BankControllerTest$PostNewBank" time="0.068"/>
  <testcase name="should add the new bank()" classname="com.kotlin.springboot.practice.controller.BankControllerTest$PostNewBank" time="0.032"/>
  <system-out><![CDATA[2022-08-21 00:31:36.386  INFO 65543 --- [    Test worker] .b.t.c.SpringBootTestContextBootstrapper : Neither @ContextConfiguration nor @ContextHierarchy found for test class [com.kotlin.springboot.practice.controller.BankControllerTest$PostNewBank], using SpringBootContextLoader
2022-08-21 00:31:36.387  INFO 65543 --- [    Test worker] o.s.t.c.support.AbstractContextLoader    : Could not detect default resource locations for test class [com.kotlin.springboot.practice.controller.BankControllerTest$PostNewBank]: no resource found for suffixes {-context.xml, Context.groovy}.
2022-08-21 00:31:36.387  INFO 65543 --- [    Test worker] t.c.s.AnnotationConfigContextLoaderUtils : Could not detect default configuration classes for test class [com.kotlin.springboot.practice.controller.BankControllerTest$PostNewBank]: PostNewBank does not declare any static, non-private, non-final, nested classes annotated with @Configuration.
2022-08-21 00:31:36.391  INFO 65543 --- [    Test worker] .b.t.c.SpringBootTestContextBootstrapper : Found @SpringBootConfiguration com.kotlin.springboot.practice.MyFirstKotlinSpringBootApplication for test class com.kotlin.springboot.practice.controller.BankControllerTest$PostNewBank
2022-08-21 00:31:36.397  INFO 65543 --- [    Test worker] .b.t.c.SpringBootTestContextBootstrapper : Loaded default TestExecutionListener class names from location [META-INF/spring.factories]: [org.springframework.boot.test.autoconfigure.restdocs.RestDocsTestExecutionListener, org.springframework.boot.test.autoconfigure.web.client.MockRestServiceServerResetTestExecutionListener, org.springframework.boot.test.autoconfigure.web.servlet.MockMvcPrintOnlyOnFailureTestExecutionListener, org.springframework.boot.test.autoconfigure.web.servlet.WebDriverTestExecutionListener, org.springframework.boot.test.autoconfigure.webservices.client.MockWebServiceServerTestExecutionListener, org.springframework.boot.test.mock.mockito.MockitoTestExecutionListener, org.springframework.boot.test.mock.mockito.ResetMocksTestExecutionListener, org.springframework.test.context.web.ServletTestExecutionListener, org.springframework.test.context.support.DirtiesContextBeforeModesTestExecutionListener, org.springframework.test.context.event.ApplicationEventsTestExecutionListener, org.springframework.test.context.support.DependencyInjectionTestExecutionListener, org.springframework.test.context.support.DirtiesContextTestExecutionListener, org.springframework.test.context.transaction.TransactionalTestExecutionListener, org.springframework.test.context.jdbc.SqlScriptsTestExecutionListener, org.springframework.test.context.event.EventPublishingTestExecutionListener]
2022-08-21 00:31:36.398  INFO 65543 --- [    Test worker] .b.t.c.SpringBootTestContextBootstrapper : Using TestExecutionListeners: [org.springframework.test.context.web.ServletTestExecutionListener@18d610e1, org.springframework.test.context.support.DirtiesContextBeforeModesTestExecutionListener@528e5e38, org.springframework.test.context.event.ApplicationEventsTestExecutionListener@16391278, org.springframework.boot.test.mock.mockito.MockitoTestExecutionListener@621dc63d, org.springframework.boot.test.autoconfigure.SpringBootDependencyInjectionTestExecutionListener@4ae49387, org.springframework.test.context.support.DirtiesContextTestExecutionListener@6abb7b7d, org.springframework.test.context.event.EventPublishingTestExecutionListener@34cf0e80, org.springframework.boot.test.autoconfigure.restdocs.RestDocsTestExecutionListener@38ef1a0a, org.springframework.boot.test.autoconfigure.web.client.MockRestServiceServerResetTestExecutionListener@56f9de3b, org.springframework.boot.test.autoconfigure.web.servlet.MockMvcPrintOnlyOnFailureTestExecutionListener@6728370a, org.springframework.boot.test.autoconfigure.web.servlet.WebDriverTestExecutionListener@2b5f8e61, org.springframework.boot.test.autoconfigure.webservices.client.MockWebServiceServerTestExecutionListener@6ba0ee4a, org.springframework.boot.test.mock.mockito.ResetMocksTestExecutionListener@73b0ed03]

MockHttpServletRequest:
      HTTP Method = POST
      Request URI = /api/banks
       Parameters = {}
          Headers = [Content-Type:"application/json;charset=UTF-8", Content-Length:"65"]
             Body = {"account_number":"1234","trust":1.0,"default_transaction_fee":1}
    Session Attrs = {}

Handler:
             Type = com.kotlin.springboot.practice.controller.BankController
           Method = com.kotlin.springboot.practice.controller.BankController#addBank(Bank)

Async:
    Async started = false
     Async result = null

Resolved Exception:
             Type = java.lang.IllegalArgumentException

ModelAndView:
        View name = null
             View = null
            Model = null

FlashMap:
       Attributes = null

MockHttpServletResponse:
           Status = 400
    Error message = null
          Headers = [Content-Type:"text/plain;charset=UTF-8", Content-Length:"45"]
     Content type = text/plain;charset=UTF-8
             Body = Bank with account number 1234 already exists.
    Forwarded URL = null
   Redirected URL = null
          Cookies = []

MockHttpServletRequest:
      HTTP Method = POST
      Request URI = /api/banks
       Parameters = {}
          Headers = [Content-Type:"application/json;charset=UTF-8", Content-Length:"70"]
             Body = {"account_number":"acc123","trust":31.415,"default_transaction_fee":2}
    Session Attrs = {}

Handler:
             Type = com.kotlin.springboot.practice.controller.BankController
           Method = com.kotlin.springboot.practice.controller.BankController#addBank(Bank)

Async:
    Async started = false
     Async result = null

Resolved Exception:
             Type = null

ModelAndView:
        View name = null
             View = null
            Model = null

FlashMap:
       Attributes = null

MockHttpServletResponse:
           Status = 201
    Error message = null
          Headers = [Content-Type:"application/json"]
     Content type = application/json
             Body = {"account_number":"acc123","trust":31.415,"default_transaction_fee":2}
    Forwarded URL = null
   Redirected URL = null
          Cookies = []
]]></system-out>
  <system-err><![CDATA[]]></system-err>
</testsuite>
