<?xml version="1.0" encoding="UTF-8"?>
<testsuite name="com.kotlin.springboot.practice.controller.BankControllerTest" tests="0" skipped="0" failures="0" errors="0" timestamp="1970-01-01T00:00:00" hostname="C02XD07RJG5J.ad.here.com" time="0.0">
  <properties/>
  <system-out><![CDATA[00:31:33.571 [Test worker] DEBUG org.springframework.test.context.BootstrapUtils - Instantiating CacheAwareContextLoaderDelegate from class [org.springframework.test.context.cache.DefaultCacheAwareContextLoaderDelegate]
00:31:33.586 [Test worker] DEBUG org.springframework.test.context.BootstrapUtils - Instantiating BootstrapContext using constructor [public org.springframework.test.context.support.DefaultBootstrapContext(java.lang.Class,org.springframework.test.context.CacheAwareContextLoaderDelegate)]
00:31:33.622 [Test worker] DEBUG org.springframework.test.context.BootstrapUtils - Instantiating TestContextBootstrapper for test class [com.kotlin.springboot.practice.controller.BankControllerTest] from class [org.springframework.boot.test.context.SpringBootTestContextBootstrapper]
00:31:33.638 [Test worker] INFO org.springframework.boot.test.context.SpringBootTestContextBootstrapper - Neither @ContextConfiguration nor @ContextHierarchy found for test class [com.kotlin.springboot.practice.controller.BankControllerTest], using SpringBootContextLoader
00:31:33.643 [Test worker] DEBUG org.springframework.test.context.support.AbstractContextLoader - Did not detect default resource location for test class [com.kotlin.springboot.practice.controller.BankControllerTest]: class path resource [com/kotlin/springboot/practice/controller/BankControllerTest-context.xml] does not exist
00:31:33.643 [Test worker] DEBUG org.springframework.test.context.support.AbstractContextLoader - Did not detect default resource location for test class [com.kotlin.springboot.practice.controller.BankControllerTest]: class path resource [com/kotlin/springboot/practice/controller/BankControllerTestContext.groovy] does not exist
00:31:33.643 [Test worker] INFO org.springframework.test.context.support.AbstractContextLoader - Could not detect default resource locations for test class [com.kotlin.springboot.practice.controller.BankControllerTest]: no resource found for suffixes {-context.xml, Context.groovy}.
00:31:33.644 [Test worker] DEBUG org.springframework.test.context.support.AnnotationConfigContextLoaderUtils - Ignoring class [com.kotlin.springboot.practice.controller.BankControllerTest$GetBanks]; it must be static, non-private, non-final, and annotated with @Configuration to be considered a default configuration class.
00:31:33.644 [Test worker] DEBUG org.springframework.test.context.support.AnnotationConfigContextLoaderUtils - Ignoring class [com.kotlin.springboot.practice.controller.BankControllerTest$GetBank]; it must be static, non-private, non-final, and annotated with @Configuration to be considered a default configuration class.
00:31:33.644 [Test worker] DEBUG org.springframework.test.context.support.AnnotationConfigContextLoaderUtils - Ignoring class [com.kotlin.springboot.practice.controller.BankControllerTest$PostNewBank]; it must be static, non-private, non-final, and annotated with @Configuration to be considered a default configuration class.
00:31:33.645 [Test worker] DEBUG org.springframework.test.context.support.AnnotationConfigContextLoaderUtils - Ignoring class [com.kotlin.springboot.practice.controller.BankControllerTest$PatchExistingBank]; it must be static, non-private, non-final, and annotated with @Configuration to be considered a default configuration class.
00:31:33.645 [Test worker] DEBUG org.springframework.test.context.support.AnnotationConfigContextLoaderUtils - Ignoring class [com.kotlin.springboot.practice.controller.BankControllerTest$DeleteExistingBank]; it must be static, non-private, non-final, and annotated with @Configuration to be considered a default configuration class.
00:31:33.645 [Test worker] INFO org.springframework.test.context.support.AnnotationConfigContextLoaderUtils - Could not detect default configuration classes for test class [com.kotlin.springboot.practice.controller.BankControllerTest]: BankControllerTest does not declare any static, non-private, non-final, nested classes annotated with @Configuration.
00:31:33.697 [Test worker] DEBUG org.springframework.test.context.support.ActiveProfilesUtils - Could not find an 'annotation declaring class' for annotation type [org.springframework.test.context.ActiveProfiles] and class [com.kotlin.springboot.practice.controller.BankControllerTest]
00:31:33.798 [Test worker] DEBUG org.springframework.context.annotation.ClassPathScanningCandidateComponentProvider - Identified candidate component class: file [/Users/dsouza1/Documents/GitHub/first-spring-boot-with-kotlin/build/classes/kotlin/main/com/kotlin/springboot/practice/MyFirstKotlinSpringBootApplication.class]
00:31:33.799 [Test worker] INFO org.springframework.boot.test.context.SpringBootTestContextBootstrapper - Found @SpringBootConfiguration com.kotlin.springboot.practice.MyFirstKotlinSpringBootApplication for test class com.kotlin.springboot.practice.controller.BankControllerTest
00:31:33.898 [Test worker] DEBUG org.springframework.boot.test.context.SpringBootTestContextBootstrapper - @TestExecutionListeners is not present for class [com.kotlin.springboot.practice.controller.BankControllerTest]: using defaults.
00:31:33.898 [Test worker] INFO org.springframework.boot.test.context.SpringBootTestContextBootstrapper - Loaded default TestExecutionListener class names from location [META-INF/spring.factories]: [org.springframework.boot.test.autoconfigure.restdocs.RestDocsTestExecutionListener, org.springframework.boot.test.autoconfigure.web.client.MockRestServiceServerResetTestExecutionListener, org.springframework.boot.test.autoconfigure.web.servlet.MockMvcPrintOnlyOnFailureTestExecutionListener, org.springframework.boot.test.autoconfigure.web.servlet.WebDriverTestExecutionListener, org.springframework.boot.test.autoconfigure.webservices.client.MockWebServiceServerTestExecutionListener, org.springframework.boot.test.mock.mockito.MockitoTestExecutionListener, org.springframework.boot.test.mock.mockito.ResetMocksTestExecutionListener, org.springframework.test.context.web.ServletTestExecutionListener, org.springframework.test.context.support.DirtiesContextBeforeModesTestExecutionListener, org.springframework.test.context.event.ApplicationEventsTestExecutionListener, org.springframework.test.context.support.DependencyInjectionTestExecutionListener, org.springframework.test.context.support.DirtiesContextTestExecutionListener, org.springframework.test.context.transaction.TransactionalTestExecutionListener, org.springframework.test.context.jdbc.SqlScriptsTestExecutionListener, org.springframework.test.context.event.EventPublishingTestExecutionListener]
00:31:33.916 [Test worker] DEBUG org.springframework.boot.test.context.SpringBootTestContextBootstrapper - Skipping candidate TestExecutionListener [org.springframework.test.context.transaction.TransactionalTestExecutionListener] due to a missing dependency. Specify custom listener classes or make the default listener classes and their required dependencies available. Offending class: [org/springframework/transaction/TransactionDefinition]
00:31:33.916 [Test worker] DEBUG org.springframework.boot.test.context.SpringBootTestContextBootstrapper - Skipping candidate TestExecutionListener [org.springframework.test.context.jdbc.SqlScriptsTestExecutionListener] due to a missing dependency. Specify custom listener classes or make the default listener classes and their required dependencies available. Offending class: [org/springframework/transaction/interceptor/TransactionAttribute]
00:31:33.917 [Test worker] INFO org.springframework.boot.test.context.SpringBootTestContextBootstrapper - Using TestExecutionListeners: [org.springframework.test.context.web.ServletTestExecutionListener@3c291aad, org.springframework.test.context.support.DirtiesContextBeforeModesTestExecutionListener@2d0566ba, org.springframework.test.context.event.ApplicationEventsTestExecutionListener@733037, org.springframework.boot.test.mock.mockito.MockitoTestExecutionListener@7728643a, org.springframework.boot.test.autoconfigure.SpringBootDependencyInjectionTestExecutionListener@320e400, org.springframework.test.context.support.DirtiesContextTestExecutionListener@5167268, org.springframework.test.context.event.EventPublishingTestExecutionListener@1cfd1875, org.springframework.boot.test.autoconfigure.restdocs.RestDocsTestExecutionListener@28c0b664, org.springframework.boot.test.autoconfigure.web.client.MockRestServiceServerResetTestExecutionListener@2c444798, org.springframework.boot.test.autoconfigure.web.servlet.MockMvcPrintOnlyOnFailureTestExecutionListener@1af7f54a, org.springframework.boot.test.autoconfigure.web.servlet.WebDriverTestExecutionListener@6ebd78d1, org.springframework.boot.test.autoconfigure.webservices.client.MockWebServiceServerTestExecutionListener@436390f4, org.springframework.boot.test.mock.mockito.ResetMocksTestExecutionListener@4d157787]
00:31:33.920 [Test worker] DEBUG org.springframework.test.context.support.AbstractDirtiesContextTestExecutionListener - Before test class: context [DefaultTestContext@160c3ec1 testClass = BankControllerTest, testInstance = [null], testMethod = [null], testException = [null], mergedContextConfiguration = [WebMergedContextConfiguration@182b435b testClass = BankControllerTest, locations = '{}', classes = '{class com.kotlin.springboot.practice.MyFirstKotlinSpringBootApplication}', contextInitializerClasses = '[]', activeProfiles = '{}', propertySourceLocations = '{}', propertySourceProperties = '{org.springframework.boot.test.context.SpringBootTestContextBootstrapper=true}', contextCustomizers = set[org.springframework.boot.test.autoconfigure.actuate.metrics.MetricsExportContextCustomizerFactory$DisableMetricExportContextCustomizer@5bc9ba1d, org.springframework.boot.test.autoconfigure.properties.PropertyMappingContextCustomizer@4b3fa0b3, org.springframework.boot.test.autoconfigure.web.servlet.WebDriverContextCustomizerFactory$Customizer@1af146, [ImportsContextCustomizer@4d0402b key = [org.springframework.boot.test.autoconfigure.web.servlet.MockMvcAutoConfiguration, org.springframework.boot.test.autoconfigure.web.servlet.MockMvcWebClientAutoConfiguration, org.springframework.boot.test.autoconfigure.web.servlet.MockMvcWebDriverAutoConfiguration, org.springframework.boot.autoconfigure.security.oauth2.client.servlet.OAuth2ClientAutoConfiguration, org.springframework.boot.autoconfigure.security.oauth2.resource.servlet.OAuth2ResourceServerAutoConfiguration, org.springframework.boot.autoconfigure.security.servlet.SecurityAutoConfiguration, org.springframework.boot.autoconfigure.security.servlet.SecurityFilterAutoConfiguration, org.springframework.boot.autoconfigure.security.servlet.UserDetailsServiceAutoConfiguration, org.springframework.boot.test.autoconfigure.web.servlet.MockMvcSecurityConfiguration]], org.springframework.boot.test.context.filter.ExcludeFilterContextCustomizer@758c83d8, org.springframework.boot.test.json.DuplicateJsonObjectContextCustomizerFactory$DuplicateJsonObjectContextCustomizer@19ae6bb, org.springframework.boot.test.mock.mockito.MockitoContextCustomizer@0, org.springframework.boot.test.web.client.TestRestTemplateContextCustomizer@3fffff43, org.springframework.boot.test.context.SpringBootTestArgs@1, org.springframework.boot.test.context.SpringBootTestWebEnvironment@50029372], resourceBasePath = 'src/main/webapp', contextLoader = 'org.springframework.boot.test.context.SpringBootContextLoader', parent = [null]], attributes = map['org.springframework.test.context.web.ServletTestExecutionListener.activateListener' -> true]], class annotated with @DirtiesContext [false] with mode [null].
]]></system-out>
  <system-err><![CDATA[]]></system-err>
</testsuite>
