<?xml version="1.0" encoding="UTF-8"?>
<testsuite name="GET /api/banks/{accountNumber}" tests="2" skipped="0" failures="0" errors="0" timestamp="2022-08-20T19:01:36" hostname="C02XD07RJG5J.ad.here.com" time="0.036">
  <properties/>
  <testcase name="should return the bank with the given account number()" classname="com.kotlin.springboot.practice.controller.BankControllerTest$GetBank" time="0.022"/>
  <testcase name="should return NOT FOUND if the account number does not exist()" classname="com.kotlin.springboot.practice.controller.BankControllerTest$GetBank" time="0.014"/>
  <system-out><![CDATA[2022-08-21 00:31:36.334  INFO 65543 --- [    Test worker] .b.t.c.SpringBootTestContextBootstrapper : Neither @ContextConfiguration nor @ContextHierarchy found for test class [com.kotlin.springboot.practice.controller.BankControllerTest$GetBank], using SpringBootContextLoader
2022-08-21 00:31:36.335  INFO 65543 --- [    Test worker] o.s.t.c.support.AbstractContextLoader    : Could not detect default resource locations for test class [com.kotlin.springboot.practice.controller.BankControllerTest$GetBank]: no resource found for suffixes {-context.xml, Context.groovy}.
2022-08-21 00:31:36.335  INFO 65543 --- [    Test worker] t.c.s.AnnotationConfigContextLoaderUtils : Could not detect default configuration classes for test class [com.kotlin.springboot.practice.controller.BankControllerTest$GetBank]: GetBank does not declare any static, non-private, non-final, nested classes annotated with @Configuration.
2022-08-21 00:31:36.338  INFO 65543 --- [    Test worker] .b.t.c.SpringBootTestContextBootstrapper : Found @SpringBootConfiguration com.kotlin.springboot.practice.MyFirstKotlinSpringBootApplication for test class com.kotlin.springboot.practice.controller.BankControllerTest$GetBank
2022-08-21 00:31:36.340  INFO 65543 --- [    Test worker] .b.t.c.SpringBootTestContextBootstrapper : Loaded default TestExecutionListener class names from location [META-INF/spring.factories]: [org.springframework.boot.test.autoconfigure.restdocs.RestDocsTestExecutionListener, org.springframework.boot.test.autoconfigure.web.client.MockRestServiceServerResetTestExecutionListener, org.springframework.boot.test.autoconfigure.web.servlet.MockMvcPrintOnlyOnFailureTestExecutionListener, org.springframework.boot.test.autoconfigure.web.servlet.WebDriverTestExecutionListener, org.springframework.boot.test.autoconfigure.webservices.client.MockWebServiceServerTestExecutionListener, org.springframework.boot.test.mock.mockito.MockitoTestExecutionListener, org.springframework.boot.test.mock.mockito.ResetMocksTestExecutionListener, org.springframework.test.context.web.ServletTestExecutionListener, org.springframework.test.context.support.DirtiesContextBeforeModesTestExecutionListener, org.springframework.test.context.event.ApplicationEventsTestExecutionListener, org.springframework.test.context.support.DependencyInjectionTestExecutionListener, org.springframework.test.context.support.DirtiesContextTestExecutionListener, org.springframework.test.context.transaction.TransactionalTestExecutionListener, org.springframework.test.context.jdbc.SqlScriptsTestExecutionListener, org.springframework.test.context.event.EventPublishingTestExecutionListener]
2022-08-21 00:31:36.341  INFO 65543 --- [    Test worker] .b.t.c.SpringBootTestContextBootstrapper : Using TestExecutionListeners: [org.springframework.test.context.web.ServletTestExecutionListener@70d5d96b, org.springframework.test.context.support.DirtiesContextBeforeModesTestExecutionListener@23469199, org.springframework.test.context.event.ApplicationEventsTestExecutionListener@75dc1c1c, org.springframework.boot.test.mock.mockito.MockitoTestExecutionListener@5611bba, org.springframework.boot.test.autoconfigure.SpringBootDependencyInjectionTestExecutionListener@5ba184fc, org.springframework.test.context.support.DirtiesContextTestExecutionListener@4cfc0c48, org.springframework.test.context.event.EventPublishingTestExecutionListener@59d5c537, org.springframework.boot.test.autoconfigure.restdocs.RestDocsTestExecutionListener@5464b97c, org.springframework.boot.test.autoconfigure.web.client.MockRestServiceServerResetTestExecutionListener@3355168, org.springframework.boot.test.autoconfigure.web.servlet.MockMvcPrintOnlyOnFailureTestExecutionListener@2f07930a, org.springframework.boot.test.autoconfigure.web.servlet.WebDriverTestExecutionListener@580c17a0, org.springframework.boot.test.autoconfigure.webservices.client.MockWebServiceServerTestExecutionListener@29d2fa84, org.springframework.boot.test.mock.mockito.ResetMocksTestExecutionListener@4540c7]

MockHttpServletRequest:
      HTTP Method = GET
      Request URI = /api/banks/1234
       Parameters = {}
          Headers = []
             Body = null
    Session Attrs = {}

Handler:
             Type = com.kotlin.springboot.practice.controller.BankController
           Method = com.kotlin.springboot.practice.controller.BankController#getBank(String)

Async:
    Async started = false
     Async result = null

Resolved Exception:
             Type = null

ModelAndView:
        View name = null
             View = null
            Model = null

FlashMap:
       Attributes = null

MockHttpServletResponse:
           Status = 200
    Error message = null
          Headers = [Content-Type:"application/json"]
     Content type = application/json
             Body = {"account_number":"1234","trust":3.14,"default_transaction_fee":17}
    Forwarded URL = null
   Redirected URL = null
          Cookies = []

MockHttpServletRequest:
      HTTP Method = GET
      Request URI = /api/banks/does_not_exist
       Parameters = {}
          Headers = []
             Body = null
    Session Attrs = {}

Handler:
             Type = com.kotlin.springboot.practice.controller.BankController
           Method = com.kotlin.springboot.practice.controller.BankController#getBank(String)

Async:
    Async started = false
     Async result = null

Resolved Exception:
             Type = java.util.NoSuchElementException

ModelAndView:
        View name = null
             View = null
            Model = null

FlashMap:
       Attributes = null

MockHttpServletResponse:
           Status = 404
    Error message = null
          Headers = [Content-Type:"text/plain;charset=UTF-8", Content-Length:"56"]
     Content type = text/plain;charset=UTF-8
             Body = Could not find a bank with account number does_not_exist
    Forwarded URL = null
   Redirected URL = null
          Cookies = []
]]></system-out>
  <system-err><![CDATA[]]></system-err>
</testsuite>
